0 info it worked if it ends with ok
1 verbose cli [ 'node', '/usr/local/bin/npm', 'publish' ]
2 info using npm@3.3.3
3 info using node@v0.12.7
4 verbose node symlink /usr/local/bin/node
5 verbose publish [ '.' ]
6 silly cache add args [ '.', null ]
7 verbose cache add spec .
8 silly cache add parsed spec { raw: '.',
8 silly cache add   scope: null,
8 silly cache add   name: null,
8 silly cache add   rawSpec: '.',
8 silly cache add   spec: '/Users/ramin/Work/wework/npm/oui',
8 silly cache add   type: 'directory' }
9 verbose addLocalDirectory /Users/ramin/.npm/@wework-dev/oui/0.0.1/package.tgz not in flight; packing
10 info lifecycle @wework-dev/oui@0.0.1~prepublish: @wework-dev/oui@0.0.1
11 silly lifecycle @wework-dev/oui@0.0.1~prepublish: no script for prepublish, continuing
12 verbose tar pack [ '/Users/ramin/.npm/@wework-dev/oui/0.0.1/package.tgz',
12 verbose tar pack   '/Users/ramin/Work/wework/npm/oui' ]
13 verbose tarball /Users/ramin/.npm/@wework-dev/oui/0.0.1/package.tgz
14 verbose folder /Users/ramin/Work/wework/npm/oui
15 verbose addLocalTarball adding from inside cache /Users/ramin/.npm/@wework-dev/oui/0.0.1/package.tgz
16 silly cache afterAdd @wework-dev/oui@0.0.1
17 verbose afterAdd /Users/ramin/.npm/@wework-dev/oui/0.0.1/package/package.json not in flight; writing
18 verbose afterAdd /Users/ramin/.npm/@wework-dev/oui/0.0.1/package/package.json written
19 silly publish { name: '@wework-dev/oui',
19 silly publish   version: '0.0.1',
19 silly publish   description: 'WeWork UI Kit',
19 silly publish   main: 'index.js',
19 silly publish   scripts: { test: 'echo "Error: no test specified" && exit 1' },
19 silly publish   repository: { type: 'git', url: 'git+https://github.com/WeConnect/oui.git' },
19 silly publish   private: true,
19 silly publish   keywords: [ 'ui', 'kit', 'styleguide' ],
19 silly publish   author:
19 silly publish    { name: 'WeWork Dev',
19 silly publish      email: 'dev-team@wework.com',
19 silly publish      url: 'http://engineering.wework.com' },
19 silly publish   license: 'ISC',
19 silly publish   bugs: { url: 'https://github.com/WeConnect/oui/issues' },
19 silly publish   homepage: 'https://github.com/WeConnect/oui#readme',
19 silly publish   dependencies:
19 silly publish    { 'better-console': '^0.2.4',
19 silly publish      del: '^2.0.2',
19 silly publish      extend: '^3.0.0',
19 silly publish      gulp: '^3.9.0',
19 silly publish      'gulp-autoprefixer': '^3.0.2',
19 silly publish      'gulp-chmod': '^1.2.0',
19 silly publish      'gulp-clone': '^1.0.0',
19 silly publish      'gulp-concat': '^2.6.0',
19 silly publish      'gulp-concat-css': '^2.2.0',
19 silly publish      'gulp-copy': '0.0.2',
19 silly publish      'gulp-flatten': '^0.2.0',
19 silly publish      'gulp-header': '^1.2.2',
19 silly publish      'gulp-help': '^1.6.0',
19 silly publish      'gulp-if': '^1.2.5',
19 silly publish      'gulp-less': '^3.0.3',
19 silly publish      'gulp-minify-css': '^1.2.0',
19 silly publish      'gulp-notify': '^2.2.0',
19 silly publish      'gulp-plumber': '^1.0.1',
19 silly publish      'gulp-print': '^2.0.1',
19 silly publish      'gulp-rename': '^1.2.2',
19 silly publish      'gulp-replace': '^0.5.3',
19 silly publish      'gulp-rtlcss': '^0.1.4',
19 silly publish      'gulp-uglify': '^1.2.0',
19 silly publish      'gulp-util': '^3.0.6',
19 silly publish      'gulp-watch': '^4.3.3',
19 silly publish      'map-stream': '0.0.6',
19 silly publish      'require-dot-file': '^0.4.0',
19 silly publish      'semantic-ui': '^2.1.4',
19 silly publish      yamljs: '^0.2.3' },
19 silly publish   gitHead: '974facdff95d9f601818d319a323837a47466e35',
19 silly publish   readme: 'ERROR: No README data found!',
19 silly publish   _id: '@wework-dev/oui@0.0.1',
19 silly publish   _shasum: 'a10f299dc879dfde6e557af7b8c19f2e6f58dffc',
19 silly publish   _from: '.' }
20 verbose getPublishConfig undefined
21 verbose stack Error: This package has been marked as private
21 verbose stack Remove the 'private' field from the package.json to publish it.
21 verbose stack     at publish_ (/usr/local/lib/node_modules/npm/lib/publish.js:100:15)
21 verbose stack     at Array.<anonymous> (/usr/local/lib/node_modules/npm/node_modules/slide/lib/bind-actor.js:15:8)
21 verbose stack     at LOOP (/usr/local/lib/node_modules/npm/node_modules/slide/lib/chain.js:15:14)
21 verbose stack     at LOOP (/usr/local/lib/node_modules/npm/node_modules/slide/lib/chain.js:14:28)
21 verbose stack     at chain (/usr/local/lib/node_modules/npm/node_modules/slide/lib/chain.js:20:5)
21 verbose stack     at /usr/local/lib/node_modules/npm/lib/publish.js:72:5
21 verbose stack     at RES (/usr/local/lib/node_modules/npm/node_modules/inflight/inflight.js:23:14)
21 verbose stack     at f (/usr/local/lib/node_modules/npm/node_modules/once/once.js:17:25)
21 verbose stack     at /usr/local/lib/node_modules/npm/lib/cache.js:362:16
21 verbose stack     at /usr/local/lib/node_modules/npm/node_modules/write-file-atomic/index.js:29:15
22 verbose cwd /Users/ramin/Work/wework/npm/oui
23 error Darwin 14.5.0
24 error argv "node" "/usr/local/bin/npm" "publish"
25 error node v0.12.7
26 error npm  v3.3.3
27 error This package has been marked as private
27 error Remove the 'private' field from the package.json to publish it.
28 error If you need help, you may report this error at:
28 error     <https://github.com/npm/npm/issues>
29 verbose exit [ 1, true ]
